<?xml version="1.0" encoding="UTF-8"?>
<!-- Generated by org.testng.reporters.JUnitXMLReporter -->
<testsuite hostname="deepakdj1990" ignored="0" name="Default test" tests="20" failures="0" timestamp="2020-05-22T01:50:38 IST" time="2.633" errors="0">
  <testcase name="sampleTC_001" time="0.01" classname="com.appname.testcases.DataDriven_Sample2"/>
  <testcase name="sampleTC_001" time="0.003" classname="com.appname.testcases.DataDriven_Sample2"/>
  <testcase name="sampleTC_002" time="0.004" classname="com.appname.testcases.DataDriven_Sample2"/>
  <testcase name="sampleTC_002" time="0.004" classname="com.appname.testcases.DataDriven_Sample2"/>
  <testcase name="sampleTC_003" time="0.003" classname="com.appname.testcases.DataDriven_Sample2"/>
  <testcase name="sampleTC_003" time="0.003" classname="com.appname.testcases.DataDriven_Sample2"/>
  <testcase name="sampleTC_003" time="0.003" classname="com.appname.testcases.DataDriven_Sample2"/>
  <testcase name="sampleTC_003" time="0.002" classname="com.appname.testcases.DataDriven_Sample2"/>
  <testcase name="sampleTC_004" time="0.002" classname="com.appname.testcases.DataDriven_Sample2"/>
  <testcase name="sampleTC_004" time="0.006" classname="com.appname.testcases.DataDriven_Sample2"/>
  <testcase name="sampleTC_004" time="0.006" classname="com.appname.testcases.DataDriven_Sample2"/>
  <testcase name="sampleTC_004" time="0.003" classname="com.appname.testcases.DataDriven_Sample2"/>
  <testcase name="sampleTC_004" time="0.003" classname="com.appname.testcases.DataDriven_Sample2"/>
  <testcase name="sampleTC_004" time="0.002" classname="com.appname.testcases.DataDriven_Sample2"/>
  <testcase name="sampleTC_004" time="0.002" classname="com.appname.testcases.DataDriven_Sample2"/>
  <testcase name="sampleTC_004" time="0.002" classname="com.appname.testcases.DataDriven_Sample2"/>
  <testcase name="sampleTC_004" time="0.004" classname="com.appname.testcases.DataDriven_Sample2"/>
  <testcase name="sampleTC_004" time="0.001" classname="com.appname.testcases.DataDriven_Sample2"/>
  <testcase name="sampleTC_004" time="0.001" classname="com.appname.testcases.DataDriven_Sample2"/>
  <testcase name="sampleTC_004" time="0.001" classname="com.appname.testcases.DataDriven_Sample2"/>
</testsuite> <!-- Default test -->
