<?xml version="1.0" encoding="UTF-8"?>
<!-- Generated by org.testng.reporters.JUnitXMLReporter -->
<testsuite ignored="0" hostname="deepakdj1990" failures="0" tests="4" name="Default test" time="17.126" errors="0" timestamp="2020-05-18T18:42:57 IST">
  <testcase classname="com.appname.testcases.Sample_DataProviderClass_Use" name="executingTestUsingDataProvider" time="1.911"/>
  <testcase classname="com.appname.testcases.Sample_DataProviderClass_Use" name="executingTestUsingDataProvider" time="2.614"/>
  <testcase classname="com.appname.testcases.Sample_DataProviderClass_Use" name="executingTestUsingDataProvider" time="0.915"/>
  <testcase classname="com.appname.testcases.Sample_DataProviderClass_Use" name="executingTestUsingDataProvider" time="1.107"/>
</testsuite> <!-- Default test -->
