<?xml version="1.0" encoding="UTF-8"?>
<!-- Generated by org.testng.reporters.JUnitXMLReporter -->
<testsuite hostname="deepakdj1990" ignored="0" name="Test1" tests="4" failures="2" timestamp="2020-05-22T02:02:37 IST" time="15.856" errors="0">
  <testcase name="sampleTestCase_01" time="1.879" classname="com.appname.testcases.SampleClass">
    <failure type="java.lang.AssertionError" message="expected [true] but found [false]">
      <![CDATA[java.lang.AssertionError: expected [true] but found [false]
at com.appname.testcases.SampleClass.sampleTestCase_01(SampleClass.java:25)
at java.util.ArrayList.forEach(Unknown Source)
... Removed 31 stack frames]]>
    </failure>
  </testcase> <!-- sampleTestCase_01 -->
  <testcase name="sampleTestCase_02" time="1.076" classname="com.appname.testcases.SampleClass"/>
  <testcase name="sampleTestCase_03" time="0.815" classname="com.appname.testcases.SampleClass">
    <failure type="java.lang.AssertionError" message="expected [true] but found [false]">
      <![CDATA[java.lang.AssertionError: expected [true] but found [false]
at com.appname.testcases.SampleClass.sampleTestCase_03(SampleClass.java:45)
at java.util.ArrayList.forEach(Unknown Source)
... Removed 31 stack frames]]>
    </failure>
  </testcase> <!-- sampleTestCase_03 -->
  <testcase name="sampleTestCase_04" time="0.828" classname="com.appname.testcases.SampleClass"/>
</testsuite> <!-- Test1 -->
