<?xml version="1.0" encoding="UTF-8"?>
<!-- Generated by org.testng.reporters.JUnitXMLReporter -->
<testsuite hostname="DESKTOP-71Q5SV3" ignored="0" name="Test3" tests="4" failures="1" timestamp="2020-05-30T21:07:36 IST" time="14.453" errors="0">
  <testcase name="sampleTestCase_06" time="0.89" classname="com.appname.testcases.SampleClass3">
    <failure type="java.lang.AssertionError" message="expected [true] but found [false]">
      <![CDATA[java.lang.AssertionError: expected [true] but found [false]
at com.appname.testcases.SampleClass3.sampleTestCase_06(SampleClass3.java:35)
at java.util.ArrayList.forEach(ArrayList.java:1257)
... Removed 31 stack frames]]>
    </failure>
  </testcase> <!-- sampleTestCase_06 -->
  <testcase name="sampleTestCase_06" time="1.619" classname="com.appname.testcases.SampleClass3"/>
  <testcase name="sampleTestCase_06" time="2.341" classname="com.appname.testcases.SampleClass3"/>
  <testcase name="sampleTestCase_06" time="0.722" classname="com.appname.testcases.SampleClass3"/>
</testsuite> <!-- Test3 -->
