<?xml version="1.0" encoding="UTF-8"?>
<!-- Generated by org.testng.reporters.JUnitXMLReporter -->
<testsuite hostname="deepakdj1990" ignored="0" name="Test2" tests="1" failures="1" timestamp="2020-05-22T02:02:48 IST" time="11.268" errors="0">
  <testcase name="sampleTestCase_05" time="2.075" classname="com.appname.testcases.SampleClass2">
    <failure type="java.lang.AssertionError" message="expected [true] but found [false]">
      <![CDATA[java.lang.AssertionError: expected [true] but found [false]
at com.appname.testcases.SampleClass2.sampleTestCase_05(SampleClass2.java:22)
at java.util.ArrayList.forEach(Unknown Source)
... Removed 31 stack frames]]>
    </failure>
  </testcase> <!-- sampleTestCase_05 -->
</testsuite> <!-- Test2 -->
