<?xml version="1.0" encoding="UTF-8"?>
<!-- Generated by org.testng.reporters.JUnitXMLReporter -->
<testsuite ignored="0" hostname="deepakdj1990" failures="2" tests="4" name="Test" time="16.596" errors="0" timestamp="2020-05-15T23:36:10 IST">
  <testcase classname="com.appname.testcases.SampleClass" name="sampleTestCase_01" time="2.667">
    <failure type="java.lang.AssertionError" message="expected [true] but found [false]">
      <![CDATA[java.lang.AssertionError: expected [true] but found [false]
at com.appname.testcases.SampleClass.sampleTestCase_01(SampleClass.java:23)
at java.base/java.util.ArrayList.forEach(ArrayList.java:1540)
... Removed 31 stack frames]]>
    </failure>
  </testcase> <!-- sampleTestCase_01 -->
  <testcase classname="com.appname.testcases.SampleClass" name="sampleTestCase_02" time="1.615"/>
  <testcase classname="com.appname.testcases.SampleClass" name="sampleTestCase_03" time="0.899">
    <failure type="java.lang.AssertionError" message="expected [true] but found [false]">
      <![CDATA[java.lang.AssertionError: expected [true] but found [false]
at com.appname.testcases.SampleClass.sampleTestCase_03(SampleClass.java:43)
at java.base/java.util.ArrayList.forEach(ArrayList.java:1540)
... Removed 31 stack frames]]>
    </failure>
  </testcase> <!-- sampleTestCase_03 -->
  <testcase classname="com.appname.testcases.SampleClass" name="sampleTestCase_04" time="0.883"/>
</testsuite> <!-- Test -->
