<?xml version="1.0" encoding="UTF-8"?>
<!-- Generated by org.testng.reporters.JUnitXMLReporter -->
<testsuite hostname="DESKTOP-71Q5SV3" ignored="0" name="Test1" tests="4" failures="2" timestamp="2020-05-30T01:10:32 IST" time="14.404" errors="0">
  <testcase name="sampleTestCase_01" time="1.763" classname="com.appname.testcases.SampleClass">
    <failure type="java.lang.AssertionError" message="expected [true] but found [false]">
      <![CDATA[java.lang.AssertionError: expected [true] but found [false]
at com.appname.testcases.SampleClass.sampleTestCase_01(SampleClass.java:26)
at java.util.ArrayList.forEach(ArrayList.java:1257)
... Removed 31 stack frames]]>
    </failure>
  </testcase> <!-- sampleTestCase_01 -->
  <testcase name="sampleTestCase_02" time="0.857" classname="com.appname.testcases.SampleClass"/>
  <testcase name="sampleTestCase_03" time="0.55" classname="com.appname.testcases.SampleClass">
    <failure type="java.lang.AssertionError" message="expected [true] but found [false]">
      <![CDATA[java.lang.AssertionError: expected [true] but found [false]
at com.appname.testcases.SampleClass.sampleTestCase_03(SampleClass.java:47)
at java.util.ArrayList.forEach(ArrayList.java:1257)
... Removed 31 stack frames]]>
    </failure>
  </testcase> <!-- sampleTestCase_03 -->
  <testcase name="sampleTestCase_04" time="0.41" classname="com.appname.testcases.SampleClass"/>
</testsuite> <!-- Test1 -->
