<?xml version="1.0" encoding="UTF-8"?>
<!-- Generated by org.testng.reporters.JUnitXMLReporter -->
<testsuite ignored="0" hostname="deepakdj1990" failures="1" tests="1" name="Test2" time="10.711" errors="0" timestamp="2020-05-16T18:48:41 IST">
  <testcase classname="com.appname.testcases.SampleClass2" name="sampleTestCase_05" time="1.8">
    <failure type="java.lang.AssertionError" message="expected [true] but found [false]">
      <![CDATA[java.lang.AssertionError: expected [true] but found [false]
at com.appname.testcases.SampleClass2.sampleTestCase_05(SampleClass2.java:22)
at java.base/java.util.ArrayList.forEach(ArrayList.java:1540)
... Removed 31 stack frames]]>
    </failure>
  </testcase> <!-- sampleTestCase_05 -->
</testsuite> <!-- Test2 -->
