<?xml version="1.0" encoding="UTF-8"?>
<!-- Generated by org.testng.reporters.JUnitXMLReporter -->
<testsuite hostname="deepakdj1990" ignored="0" name="Test4" tests="4" failures="0" timestamp="2020-05-22T02:03:13 IST" time="14.24" errors="0">
  <testcase name="executingTestUsingDataProvider" time="1.945" classname="com.appname.testcases.Sample_DataProviderClass_Use"/>
  <testcase name="executingTestUsingDataProvider" time="0.981" classname="com.appname.testcases.Sample_DataProviderClass_Use"/>
  <testcase name="executingTestUsingDataProvider" time="0.903" classname="com.appname.testcases.Sample_DataProviderClass_Use"/>
  <testcase name="executingTestUsingDataProvider" time="0.951" classname="com.appname.testcases.Sample_DataProviderClass_Use"/>
</testsuite> <!-- Test4 -->
