<?xml version="1.0" encoding="UTF-8"?>
<!-- Generated by org.testng.reporters.JUnitXMLReporter -->
<testsuite hostname="deepakdj1990" ignored="0" name="Test3" tests="4" failures="1" timestamp="2020-05-26T00:32:09 IST" time="17.245" errors="0">
  <testcase name="sampleTestCase_06" time="3.323" classname="com.appname.testcases.SampleClass3">
    <failure type="java.lang.AssertionError" message="expected [true] but found [false]">
      <![CDATA[java.lang.AssertionError: expected [true] but found [false]
at com.appname.testcases.SampleClass3.sampleTestCase_06(SampleClass3.java:28)
at java.util.ArrayList.forEach(Unknown Source)
... Removed 31 stack frames]]>
    </failure>
  </testcase> <!-- sampleTestCase_06 -->
  <testcase name="sampleTestCase_06" time="1.584" classname="com.appname.testcases.SampleClass3"/>
  <testcase name="sampleTestCase_06" time="1.123" classname="com.appname.testcases.SampleClass3"/>
  <testcase name="sampleTestCase_06" time="1.028" classname="com.appname.testcases.SampleClass3"/>
</testsuite> <!-- Test3 -->
