<?xml version="1.0" encoding="UTF-8"?>
<testng-results ignored="0" total="1" passed="1" failed="0" skipped="0">
  <reporter-output>
  </reporter-output>
  <suite started-at="2020-05-14T22:30:42 IST" name="Suite" finished-at="2020-05-14T22:30:57 IST" duration-ms="14531">
    <groups>
    </groups>
    <test started-at="2020-05-14T22:30:42 IST" name="Test" finished-at="2020-05-14T22:30:57 IST" duration-ms="14531">
      <class name="com.appname.testcases.SampleClass">
        <test-method is-config="true" signature="setUp()[pri:0, instance:com.appname.testcases.SampleClass@1984b1f]" started-at="2020-05-14T22:30:42 IST" name="setUp" finished-at="2020-05-14T22:30:50 IST" duration-ms="8050" status="PASS">
          <reporter-output>
          </reporter-output>
        </test-method> <!-- setUp -->
        <test-method signature="sampleTestCase_01()[pri:0, instance:com.appname.testcases.SampleClass@1984b1f]" started-at="2020-05-14T22:30:50 IST" name="sampleTestCase_01" finished-at="2020-05-14T22:30:54 IST" duration-ms="3306" status="PASS">
          <reporter-output>
          </reporter-output>
        </test-method> <!-- sampleTestCase_01 -->
        <test-method is-config="true" signature="tearDown()[pri:0, instance:com.appname.testcases.SampleClass@1984b1f]" started-at="2020-05-14T22:30:54 IST" name="tearDown" finished-at="2020-05-14T22:30:57 IST" duration-ms="3103" status="PASS">
          <reporter-output>
          </reporter-output>
        </test-method> <!-- tearDown -->
      </class> <!-- com.appname.testcases.SampleClass -->
    </test> <!-- Test -->
  </suite> <!-- Suite -->
</testng-results>
