<?xml version="1.0" encoding="UTF-8"?>
<testng-results ignored="0" total="1" passed="1" failed="0" skipped="0">
  <reporter-output>
  </reporter-output>
  <suite started-at="2020-05-14T21:29:16 IST" name="Default suite" finished-at="2020-05-14T21:29:28 IST" duration-ms="11472">
    <groups>
    </groups>
    <test started-at="2020-05-14T21:29:16 IST" name="Default test" finished-at="2020-05-14T21:29:28 IST" duration-ms="11472">
      <class name="com.appname.testcases.SampleClass">
        <test-method is-config="true" signature="setUp()[pri:0, instance:com.appname.testcases.SampleClass@6b88ca8c]" started-at="2020-05-14T21:29:16 IST" name="setUp" finished-at="2020-05-14T21:29:23 IST" duration-ms="6770" status="PASS">
          <reporter-output>
          </reporter-output>
        </test-method> <!-- setUp -->
        <test-method signature="sampleTestCase_01()[pri:0, instance:com.appname.testcases.SampleClass@6b88ca8c]" started-at="2020-05-14T21:29:23 IST" name="sampleTestCase_01" finished-at="2020-05-14T21:29:25 IST" duration-ms="1904" status="PASS">
          <reporter-output>
          </reporter-output>
        </test-method> <!-- sampleTestCase_01 -->
        <test-method is-config="true" signature="tearDown()[pri:0, instance:com.appname.testcases.SampleClass@6b88ca8c]" started-at="2020-05-14T21:29:25 IST" name="tearDown" finished-at="2020-05-14T21:29:28 IST" duration-ms="2731" status="PASS">
          <reporter-output>
          </reporter-output>
        </test-method> <!-- tearDown -->
      </class> <!-- com.appname.testcases.SampleClass -->
    </test> <!-- Default test -->
  </suite> <!-- Default suite -->
</testng-results>
