<?xml version="1.0" encoding="UTF-8"?>
<testng-results ignored="0" total="4" passed="4" failed="0" skipped="0">
  <reporter-output>
  </reporter-output>
  <suite started-at="2020-05-18T18:42:40 IST" name="Default suite" finished-at="2020-05-18T18:42:57 IST" duration-ms="17126">
    <groups>
    </groups>
    <test started-at="2020-05-18T18:42:40 IST" name="Default test" finished-at="2020-05-18T18:42:57 IST" duration-ms="17126">
      <class name="com.appname.testcases.Sample_DataProviderClass_Use">
        <test-method is-config="true" signature="setUp()[pri:0, instance:com.appname.testcases.Sample_DataProviderClass_Use@2766ca9d]" started-at="2020-05-18T18:42:40 IST" name="setUp" finished-at="2020-05-18T18:42:47 IST" duration-ms="6895" status="PASS">
          <reporter-output>
          </reporter-output>
        </test-method> <!-- setUp -->
        <test-method signature="executingTestUsingDataProvider(java.lang.String, java.lang.String)[pri:0, instance:com.appname.testcases.Sample_DataProviderClass_Use@2766ca9d]" started-at="2020-05-18T18:42:48 IST" name="executingTestUsingDataProvider" data-provider="userName-password" finished-at="2020-05-18T18:42:50 IST" duration-ms="1911" status="PASS">
          <params>
            <param index="0">
              <value>
                <![CDATA[akanshjha]]>
              </value>
            </param>
            <param index="1">
              <value>
                <![CDATA[Password@1]]>
              </value>
            </param>
          </params>
          <reporter-output>
          </reporter-output>
        </test-method> <!-- executingTestUsingDataProvider -->
        <test-method signature="executingTestUsingDataProvider(java.lang.String, java.lang.String)[pri:0, instance:com.appname.testcases.Sample_DataProviderClass_Use@2766ca9d]" started-at="2020-05-18T18:42:50 IST" name="executingTestUsingDataProvider" data-provider="userName-password" finished-at="2020-05-18T18:42:52 IST" duration-ms="2614" status="PASS">
          <params>
            <param index="0">
              <value>
                <![CDATA[mukultalwar]]>
              </value>
            </param>
            <param index="1">
              <value>
                <![CDATA[Password@1]]>
              </value>
            </param>
          </params>
          <reporter-output>
          </reporter-output>
        </test-method> <!-- executingTestUsingDataProvider -->
        <test-method signature="executingTestUsingDataProvider(java.lang.String, java.lang.String)[pri:0, instance:com.appname.testcases.Sample_DataProviderClass_Use@2766ca9d]" started-at="2020-05-18T18:42:52 IST" name="executingTestUsingDataProvider" data-provider="userName-password" finished-at="2020-05-18T18:42:53 IST" duration-ms="915" status="PASS">
          <params>
            <param index="0">
              <value>
                <![CDATA[ashishkumarsing]]>
              </value>
            </param>
            <param index="1">
              <value>
                <![CDATA[Password@1]]>
              </value>
            </param>
          </params>
          <reporter-output>
          </reporter-output>
        </test-method> <!-- executingTestUsingDataProvider -->
        <test-method signature="executingTestUsingDataProvider(java.lang.String, java.lang.String)[pri:0, instance:com.appname.testcases.Sample_DataProviderClass_Use@2766ca9d]" started-at="2020-05-18T18:42:53 IST" name="executingTestUsingDataProvider" data-provider="userName-password" finished-at="2020-05-18T18:42:54 IST" duration-ms="1107" status="PASS">
          <params>
            <param index="0">
              <value>
                <![CDATA[riyasukhdevsonune]]>
              </value>
            </param>
            <param index="1">
              <value>
                <![CDATA[Password@1]]>
              </value>
            </param>
          </params>
          <reporter-output>
          </reporter-output>
        </test-method> <!-- executingTestUsingDataProvider -->
        <test-method is-config="true" signature="tearDown()[pri:0, instance:com.appname.testcases.Sample_DataProviderClass_Use@2766ca9d]" started-at="2020-05-18T18:42:54 IST" name="tearDown" finished-at="2020-05-18T18:42:57 IST" duration-ms="2757" status="PASS">
          <reporter-output>
          </reporter-output>
        </test-method> <!-- tearDown -->
      </class> <!-- com.appname.testcases.Sample_DataProviderClass_Use -->
    </test> <!-- Default test -->
  </suite> <!-- Default suite -->
</testng-results>
